<testsuite errors="0" failures="0" name="Django Project Tests" skips="0" tests="35" time="0.303"><testcase classname="encrypt_decrypt.tests.RSAEncryptionTestCase" name="test_10_decrypt_string" time="0.000080" /><testcase classname="encrypt_decrypt.tests.RSAEncryptionTestCase" name="test_10_encrypt_string" time="0.000057" /><testcase classname="encrypt_decrypt.tests.RSAEncryptionTestCase" name="test_1_decrypt_string" time="0.000048" /><testcase classname="encrypt_decrypt.tests.RSAEncryptionTestCase" name="test_1_encrypt_string" time="0.000041" /><testcase classname="encrypt_decrypt.tests.RSAEncryptionTestCase" name="test_1_generate_prime_number" time="0.060914" /><testcase classname="encrypt_decrypt.tests.RSAEncryptionTestCase" name="test_1_modular_hash_function" time="0.000072" /><testcase classname="encrypt_decrypt.tests.RSAEncryptionTestCase" name="test_1_modular_mult_inverse" time="0.000072" /><testcase classname="encrypt_decrypt.tests.RSAEncryptionTestCase" name="test_2_decrypt_string" time="0.000091" /><testcase classname="encrypt_decrypt.tests.RSAEncryptionTestCase" name="test_2_encrypt_string" time="0.000089" /><testcase classname="encrypt_decrypt.tests.RSAEncryptionTestCase" name="test_2_generate_prime_number" time="0.141114" /><testcase classname="encrypt_decrypt.tests.RSAEncryptionTestCase" name="test_2_modular_hash_function" time="0.000049" /><testcase classname="encrypt_decrypt.tests.RSAEncryptionTestCase" name="test_2_modular_mult_inverse" time="0.000040" /><testcase classname="encrypt_decrypt.tests.RSAEncryptionTestCase" name="test_3_decrypt_string" time="0.000051" /><testcase classname="encrypt_decrypt.tests.RSAEncryptionTestCase" name="test_3_encrypt_string" time="0.000048" /><testcase classname="encrypt_decrypt.tests.RSAEncryptionTestCase" name="test_3_generate_prime_number" time="0.025982" /><testcase classname="encrypt_decrypt.tests.RSAEncryptionTestCase" name="test_3_modular_hash_function" time="0.000047" /><testcase classname="encrypt_decrypt.tests.RSAEncryptionTestCase" name="test_3_modular_mult_inverse" time="0.000052" /><testcase classname="encrypt_decrypt.tests.RSAEncryptionTestCase" name="test_4_decrypt_string" time="0.000066" /><testcase classname="encrypt_decrypt.tests.RSAEncryptionTestCase" name="test_4_encrypt_string" time="0.000055" /><testcase classname="encrypt_decrypt.tests.RSAEncryptionTestCase" name="test_4_generate_prime_number" time="0.034415" /><testcase classname="encrypt_decrypt.tests.RSAEncryptionTestCase" name="test_4_modular_hash_function" time="0.000046" /><testcase classname="encrypt_decrypt.tests.RSAEncryptionTestCase" name="test_4_modular_mult_inverse" time="0.000045" /><testcase classname="encrypt_decrypt.tests.RSAEncryptionTestCase" name="test_5_decrypt_string" time="0.000054" /><testcase classname="encrypt_decrypt.tests.RSAEncryptionTestCase" name="test_5_encrypt_string" time="0.000050" /><testcase classname="encrypt_decrypt.tests.RSAEncryptionTestCase" name="test_5_generate_prime_number" time="0.012542" /><testcase classname="encrypt_decrypt.tests.RSAEncryptionTestCase" name="test_5_modular_hash_function" time="0.000048" /><testcase classname="encrypt_decrypt.tests.RSAEncryptionTestCase" name="test_5_modular_mult_inverse" time="0.000038" /><testcase classname="encrypt_decrypt.tests.RSAEncryptionTestCase" name="test_6_decrypt_string" time="0.000054" /><testcase classname="encrypt_decrypt.tests.RSAEncryptionTestCase" name="test_6_encrypt_string" time="0.000050" /><testcase classname="encrypt_decrypt.tests.RSAEncryptionTestCase" name="test_7_decrypt_string" time="0.000051" /><testcase classname="encrypt_decrypt.tests.RSAEncryptionTestCase" name="test_7_encrypt_string" time="0.000051" /><testcase classname="encrypt_decrypt.tests.RSAEncryptionTestCase" name="test_8_decrypt_string" time="0.000073" /><testcase classname="encrypt_decrypt.tests.RSAEncryptionTestCase" name="test_8_encrypt_string" time="0.000072" /><testcase classname="encrypt_decrypt.tests.RSAEncryptionTestCase" name="test_9_decrypt_string" time="0.000093" /><testcase classname="encrypt_decrypt.tests.RSAEncryptionTestCase" name="test_9_encrypt_string" time="0.000051" /></testsuite>