<testsuite errors="0" failures="0" name="Django Project Tests" skips="0" tests="40" time="0.887"><testcase classname="encrypt_decrypt.tests.RSAEncryptionTestCase" name="test_10_decrypt_string" time="0.000355" /><testcase classname="encrypt_decrypt.tests.RSAEncryptionTestCase" name="test_10_encrypt_string" time="0.000250" /><testcase classname="encrypt_decrypt.tests.RSAEncryptionTestCase" name="test_10_generate_prime_number" time="0.046467" /><testcase classname="encrypt_decrypt.tests.RSAEncryptionTestCase" name="test_10_modular_mult_inverse" time="0.000289" /><testcase classname="encrypt_decrypt.tests.RSAEncryptionTestCase" name="test_1_decrypt_string" time="0.000118" /><testcase classname="encrypt_decrypt.tests.RSAEncryptionTestCase" name="test_1_encrypt_string" time="0.000249" /><testcase classname="encrypt_decrypt.tests.RSAEncryptionTestCase" name="test_1_generate_prime_number" time="0.083743" /><testcase classname="encrypt_decrypt.tests.RSAEncryptionTestCase" name="test_1_modular_mult_inverse" time="0.000278" /><testcase classname="encrypt_decrypt.tests.RSAEncryptionTestCase" name="test_2_decrypt_string" time="0.000611" /><testcase classname="encrypt_decrypt.tests.RSAEncryptionTestCase" name="test_2_encrypt_string" time="0.000348" /><testcase classname="encrypt_decrypt.tests.RSAEncryptionTestCase" name="test_2_generate_prime_number" time="0.085033" /><testcase classname="encrypt_decrypt.tests.RSAEncryptionTestCase" name="test_2_modular_mult_inverse" time="0.000264" /><testcase classname="encrypt_decrypt.tests.RSAEncryptionTestCase" name="test_3_decrypt_string" time="0.000295" /><testcase classname="encrypt_decrypt.tests.RSAEncryptionTestCase" name="test_3_encrypt_string" time="0.000113" /><testcase classname="encrypt_decrypt.tests.RSAEncryptionTestCase" name="test_3_generate_prime_number" time="0.035619" /><testcase classname="encrypt_decrypt.tests.RSAEncryptionTestCase" name="test_3_modular_mult_inverse" time="0.000268" /><testcase classname="encrypt_decrypt.tests.RSAEncryptionTestCase" name="test_4_decrypt_string" time="0.000351" /><testcase classname="encrypt_decrypt.tests.RSAEncryptionTestCase" name="test_4_encrypt_string" time="0.000131" /><testcase classname="encrypt_decrypt.tests.RSAEncryptionTestCase" name="test_4_generate_prime_number" time="0.115948" /><testcase classname="encrypt_decrypt.tests.RSAEncryptionTestCase" name="test_4_modular_mult_inverse" time="0.000268" /><testcase classname="encrypt_decrypt.tests.RSAEncryptionTestCase" name="test_5_decrypt_string" time="0.000144" /><testcase classname="encrypt_decrypt.tests.RSAEncryptionTestCase" name="test_5_encrypt_string" time="0.000284" /><testcase classname="encrypt_decrypt.tests.RSAEncryptionTestCase" name="test_5_generate_prime_number" time="0.104958" /><testcase classname="encrypt_decrypt.tests.RSAEncryptionTestCase" name="test_5_modular_mult_inverse" time="0.000263" /><testcase classname="encrypt_decrypt.tests.RSAEncryptionTestCase" name="test_6_decrypt_string" time="0.000263" /><testcase classname="encrypt_decrypt.tests.RSAEncryptionTestCase" name="test_6_encrypt_string" time="0.000306" /><testcase classname="encrypt_decrypt.tests.RSAEncryptionTestCase" name="test_6_generate_prime_number" time="0.036441" /><testcase classname="encrypt_decrypt.tests.RSAEncryptionTestCase" name="test_6_modular_mult_inverse" time="0.000316" /><testcase classname="encrypt_decrypt.tests.RSAEncryptionTestCase" name="test_7_decrypt_string" time="0.000304" /><testcase classname="encrypt_decrypt.tests.RSAEncryptionTestCase" name="test_7_encrypt_string" time="0.000326" /><testcase classname="encrypt_decrypt.tests.RSAEncryptionTestCase" name="test_7_generate_prime_number" time="0.140428" /><testcase classname="encrypt_decrypt.tests.RSAEncryptionTestCase" name="test_7_modular_mult_inverse" time="0.000266" /><testcase classname="encrypt_decrypt.tests.RSAEncryptionTestCase" name="test_8_decrypt_string" time="0.000440" /><testcase classname="encrypt_decrypt.tests.RSAEncryptionTestCase" name="test_8_encrypt_string" time="0.000380" /><testcase classname="encrypt_decrypt.tests.RSAEncryptionTestCase" name="test_8_generate_prime_number" time="0.081963" /><testcase classname="encrypt_decrypt.tests.RSAEncryptionTestCase" name="test_8_modular_mult_inverse" time="0.000265" /><testcase classname="encrypt_decrypt.tests.RSAEncryptionTestCase" name="test_9_decrypt_string" time="0.000552" /><testcase classname="encrypt_decrypt.tests.RSAEncryptionTestCase" name="test_9_encrypt_string" time="0.000279" /><testcase classname="encrypt_decrypt.tests.RSAEncryptionTestCase" name="test_9_generate_prime_number" time="0.098581" /><testcase classname="encrypt_decrypt.tests.RSAEncryptionTestCase" name="test_9_modular_mult_inverse" time="0.000268" /></testsuite>