<testsuite errors="0" failures="0" name="Django Project Tests" skips="0" tests="35" time="0.132"><testcase classname="encrypt_decrypt.tests.RSAEncryptionTestCase" name="test_10_decrypt_string" time="0.000082" /><testcase classname="encrypt_decrypt.tests.RSAEncryptionTestCase" name="test_10_encrypt_string" time="0.000058" /><testcase classname="encrypt_decrypt.tests.RSAEncryptionTestCase" name="test_1_decrypt_string" time="0.000042" /><testcase classname="encrypt_decrypt.tests.RSAEncryptionTestCase" name="test_1_encrypt_string" time="0.000042" /><testcase classname="encrypt_decrypt.tests.RSAEncryptionTestCase" name="test_1_generate_prime_number" time="0.042800" /><testcase classname="encrypt_decrypt.tests.RSAEncryptionTestCase" name="test_1_modular_hash_function" time="0.000054" /><testcase classname="encrypt_decrypt.tests.RSAEncryptionTestCase" name="test_1_modular_mult_inverse" time="0.000042" /><testcase classname="encrypt_decrypt.tests.RSAEncryptionTestCase" name="test_2_decrypt_string" time="0.000065" /><testcase classname="encrypt_decrypt.tests.RSAEncryptionTestCase" name="test_2_encrypt_string" time="0.000075" /><testcase classname="encrypt_decrypt.tests.RSAEncryptionTestCase" name="test_2_generate_prime_number" time="0.007081" /><testcase classname="encrypt_decrypt.tests.RSAEncryptionTestCase" name="test_2_modular_hash_function" time="0.000045" /><testcase classname="encrypt_decrypt.tests.RSAEncryptionTestCase" name="test_2_modular_mult_inverse" time="0.000040" /><testcase classname="encrypt_decrypt.tests.RSAEncryptionTestCase" name="test_3_decrypt_string" time="0.000051" /><testcase classname="encrypt_decrypt.tests.RSAEncryptionTestCase" name="test_3_encrypt_string" time="0.000048" /><testcase classname="encrypt_decrypt.tests.RSAEncryptionTestCase" name="test_3_generate_prime_number" time="0.018389" /><testcase classname="encrypt_decrypt.tests.RSAEncryptionTestCase" name="test_3_modular_hash_function" time="0.000051" /><testcase classname="encrypt_decrypt.tests.RSAEncryptionTestCase" name="test_3_modular_mult_inverse" time="0.000047" /><testcase classname="encrypt_decrypt.tests.RSAEncryptionTestCase" name="test_4_decrypt_string" time="0.000057" /><testcase classname="encrypt_decrypt.tests.RSAEncryptionTestCase" name="test_4_encrypt_string" time="0.000055" /><testcase classname="encrypt_decrypt.tests.RSAEncryptionTestCase" name="test_4_generate_prime_number" time="0.032496" /><testcase classname="encrypt_decrypt.tests.RSAEncryptionTestCase" name="test_4_modular_hash_function" time="0.000051" /><testcase classname="encrypt_decrypt.tests.RSAEncryptionTestCase" name="test_4_modular_mult_inverse" time="0.000039" /><testcase classname="encrypt_decrypt.tests.RSAEncryptionTestCase" name="test_5_decrypt_string" time="0.000061" /><testcase classname="encrypt_decrypt.tests.RSAEncryptionTestCase" name="test_5_encrypt_string" time="0.000050" /><testcase classname="encrypt_decrypt.tests.RSAEncryptionTestCase" name="test_5_generate_prime_number" time="0.018352" /><testcase classname="encrypt_decrypt.tests.RSAEncryptionTestCase" name="test_5_modular_hash_function" time="0.000061" /><testcase classname="encrypt_decrypt.tests.RSAEncryptionTestCase" name="test_5_modular_mult_inverse" time="0.000051" /><testcase classname="encrypt_decrypt.tests.RSAEncryptionTestCase" name="test_6_decrypt_string" time="0.000058" /><testcase classname="encrypt_decrypt.tests.RSAEncryptionTestCase" name="test_6_encrypt_string" time="0.000129" /><testcase classname="encrypt_decrypt.tests.RSAEncryptionTestCase" name="test_7_decrypt_string" time="0.000067" /><testcase classname="encrypt_decrypt.tests.RSAEncryptionTestCase" name="test_7_encrypt_string" time="0.000057" /><testcase classname="encrypt_decrypt.tests.RSAEncryptionTestCase" name="test_8_decrypt_string" time="0.000075" /><testcase classname="encrypt_decrypt.tests.RSAEncryptionTestCase" name="test_8_encrypt_string" time="0.000073" /><testcase classname="encrypt_decrypt.tests.RSAEncryptionTestCase" name="test_9_decrypt_string" time="0.000057" /><testcase classname="encrypt_decrypt.tests.RSAEncryptionTestCase" name="test_9_encrypt_string" time="0.000047" /></testsuite>