<testsuite errors="0" failures="0" name="Django Project Tests" skips="0" tests="40" time="0.842"><testcase classname="encrypt_decrypt.tests.RSAEncryptionTestCase" name="test_10_decrypt_string" time="0.000274" /><testcase classname="encrypt_decrypt.tests.RSAEncryptionTestCase" name="test_10_encrypt_string" time="0.000305" /><testcase classname="encrypt_decrypt.tests.RSAEncryptionTestCase" name="test_10_generate_prime_number" time="0.120252" /><testcase classname="encrypt_decrypt.tests.RSAEncryptionTestCase" name="test_10_modular_mult_inverse" time="0.000293" /><testcase classname="encrypt_decrypt.tests.RSAEncryptionTestCase" name="test_1_decrypt_string" time="0.000154" /><testcase classname="encrypt_decrypt.tests.RSAEncryptionTestCase" name="test_1_encrypt_string" time="0.000296" /><testcase classname="encrypt_decrypt.tests.RSAEncryptionTestCase" name="test_1_generate_prime_number" time="0.118601" /><testcase classname="encrypt_decrypt.tests.RSAEncryptionTestCase" name="test_1_modular_mult_inverse" time="0.000213" /><testcase classname="encrypt_decrypt.tests.RSAEncryptionTestCase" name="test_2_decrypt_string" time="0.000351" /><testcase classname="encrypt_decrypt.tests.RSAEncryptionTestCase" name="test_2_encrypt_string" time="0.000129" /><testcase classname="encrypt_decrypt.tests.RSAEncryptionTestCase" name="test_2_generate_prime_number" time="0.033040" /><testcase classname="encrypt_decrypt.tests.RSAEncryptionTestCase" name="test_2_modular_mult_inverse" time="0.000398" /><testcase classname="encrypt_decrypt.tests.RSAEncryptionTestCase" name="test_3_decrypt_string" time="0.000307" /><testcase classname="encrypt_decrypt.tests.RSAEncryptionTestCase" name="test_3_encrypt_string" time="0.000116" /><testcase classname="encrypt_decrypt.tests.RSAEncryptionTestCase" name="test_3_generate_prime_number" time="0.068036" /><testcase classname="encrypt_decrypt.tests.RSAEncryptionTestCase" name="test_3_modular_mult_inverse" time="0.000263" /><testcase classname="encrypt_decrypt.tests.RSAEncryptionTestCase" name="test_4_decrypt_string" time="0.000327" /><testcase classname="encrypt_decrypt.tests.RSAEncryptionTestCase" name="test_4_encrypt_string" time="0.000348" /><testcase classname="encrypt_decrypt.tests.RSAEncryptionTestCase" name="test_4_generate_prime_number" time="0.040973" /><testcase classname="encrypt_decrypt.tests.RSAEncryptionTestCase" name="test_4_modular_mult_inverse" time="0.000278" /><testcase classname="encrypt_decrypt.tests.RSAEncryptionTestCase" name="test_5_decrypt_string" time="0.000309" /><testcase classname="encrypt_decrypt.tests.RSAEncryptionTestCase" name="test_5_encrypt_string" time="0.000112" /><testcase classname="encrypt_decrypt.tests.RSAEncryptionTestCase" name="test_5_generate_prime_number" time="0.209823" /><testcase classname="encrypt_decrypt.tests.RSAEncryptionTestCase" name="test_5_modular_mult_inverse" time="0.000270" /><testcase classname="encrypt_decrypt.tests.RSAEncryptionTestCase" name="test_6_decrypt_string" time="0.000138" /><testcase classname="encrypt_decrypt.tests.RSAEncryptionTestCase" name="test_6_encrypt_string" time="0.000289" /><testcase classname="encrypt_decrypt.tests.RSAEncryptionTestCase" name="test_6_generate_prime_number" time="0.031120" /><testcase classname="encrypt_decrypt.tests.RSAEncryptionTestCase" name="test_6_modular_mult_inverse" time="0.000271" /><testcase classname="encrypt_decrypt.tests.RSAEncryptionTestCase" name="test_7_decrypt_string" time="0.000487" /><testcase classname="encrypt_decrypt.tests.RSAEncryptionTestCase" name="test_7_encrypt_string" time="0.000302" /><testcase classname="encrypt_decrypt.tests.RSAEncryptionTestCase" name="test_7_generate_prime_number" time="0.024026" /><testcase classname="encrypt_decrypt.tests.RSAEncryptionTestCase" name="test_7_modular_mult_inverse" time="0.000496" /><testcase classname="encrypt_decrypt.tests.RSAEncryptionTestCase" name="test_8_decrypt_string" time="0.000493" /><testcase classname="encrypt_decrypt.tests.RSAEncryptionTestCase" name="test_8_encrypt_string" time="0.000295" /><testcase classname="encrypt_decrypt.tests.RSAEncryptionTestCase" name="test_8_generate_prime_number" time="0.048764" /><testcase classname="encrypt_decrypt.tests.RSAEncryptionTestCase" name="test_8_modular_mult_inverse" time="0.000111" /><testcase classname="encrypt_decrypt.tests.RSAEncryptionTestCase" name="test_9_decrypt_string" time="0.000307" /><testcase classname="encrypt_decrypt.tests.RSAEncryptionTestCase" name="test_9_encrypt_string" time="0.000310" /><testcase classname="encrypt_decrypt.tests.RSAEncryptionTestCase" name="test_9_generate_prime_number" time="0.091708" /><testcase classname="encrypt_decrypt.tests.RSAEncryptionTestCase" name="test_9_modular_mult_inverse" time="0.000283" /></testsuite>